2023-05-05 10:39:41,286 [Worker-4: Loading available Gradle versions] INFO  o.e.b.c.i.u.g.PublishedGradleVersions - Gradle version information cache is up-to-date. Trying to read.
2023-05-05 10:42:00,878 [Worker-3: Launching mavenrun-b88ce999-3888-49a7-8a1d-4b1a4cccbca1] INFO  o.eclipse.m2e.core.internal.Bundles - getClasspathEntries(Bundle=org.eclipse.m2e.maven.runtime_3.8.604.20221130-2149 [345])
2023-05-05 10:42:00,905 [Worker-3: Launching mavenrun-b88ce999-3888-49a7-8a1d-4b1a4cccbca1] INFO  o.eclipse.m2e.core.internal.Bundles - 	Entry: C:\Users\admin\Downloads\sts-4.17.2.RELEASE\plugins\org.eclipse.m2e.maven.runtime_3.8.604.20221130-2149
2023-05-05 10:42:00,906 [Worker-3: Launching mavenrun-b88ce999-3888-49a7-8a1d-4b1a4cccbca1] INFO  o.eclipse.m2e.core.internal.Bundles - 	Entry: C:\Users\admin\Downloads\sts-4.17.2.RELEASE\plugins\org.eclipse.m2e.maven.runtime_3.8.604.20221130-2149\jars\aether-connector-okhttp-0.17.8.jar
2023-05-05 10:42:00,907 [Worker-3: Launching mavenrun-b88ce999-3888-49a7-8a1d-4b1a4cccbca1] INFO  o.eclipse.m2e.core.internal.Bundles - 	Entry: C:\Users\admin\Downloads\sts-4.17.2.RELEASE\plugins\org.eclipse.m2e.maven.runtime_3.8.604.20221130-2149\jars\commons-cli-1.4.jar
2023-05-05 10:42:00,907 [Worker-3: Launching mavenrun-b88ce999-3888-49a7-8a1d-4b1a4cccbca1] INFO  o.eclipse.m2e.core.internal.Bundles - 	Entry: C:\Users\admin\Downloads\sts-4.17.2.RELEASE\plugins\org.eclipse.m2e.maven.runtime_3.8.604.20221130-2149\jars\commons-io-2.6.jar
2023-05-05 10:42:00,907 [Worker-3: Launching mavenrun-b88ce999-3888-49a7-8a1d-4b1a4cccbca1] INFO  o.eclipse.m2e.core.internal.Bundles - 	Entry: C:\Users\admin\Downloads\sts-4.17.2.RELEASE\plugins\org.eclipse.m2e.maven.runtime_3.8.604.20221130-2149\jars\commons-lang3-3.8.1.jar
2023-05-05 10:42:00,907 [Worker-3: Launching mavenrun-b88ce999-3888-49a7-8a1d-4b1a4cccbca1] INFO  o.eclipse.m2e.core.internal.Bundles - 	Entry: C:\Users\admin\Downloads\sts-4.17.2.RELEASE\plugins\org.eclipse.m2e.maven.runtime_3.8.604.20221130-2149\jars\guice-4.2.2-no_aop.jar
2023-05-05 10:42:00,908 [Worker-3: Launching mavenrun-b88ce999-3888-49a7-8a1d-4b1a4cccbca1] INFO  o.eclipse.m2e.core.internal.Bundles - 	Entry: C:\Users\admin\Downloads\sts-4.17.2.RELEASE\plugins\org.eclipse.m2e.maven.runtime_3.8.604.20221130-2149\jars\jansi-2.4.0.jar
2023-05-05 10:42:00,908 [Worker-3: Launching mavenrun-b88ce999-3888-49a7-8a1d-4b1a4cccbca1] INFO  o.eclipse.m2e.core.internal.Bundles - 	Entry: C:\Users\admin\Downloads\sts-4.17.2.RELEASE\plugins\org.eclipse.m2e.maven.runtime_3.8.604.20221130-2149\jars\maven-artifact-3.8.6.jar
2023-05-05 10:42:00,908 [Worker-3: Launching mavenrun-b88ce999-3888-49a7-8a1d-4b1a4cccbca1] INFO  o.eclipse.m2e.core.internal.Bundles - 	Entry: C:\Users\admin\Downloads\sts-4.17.2.RELEASE\plugins\org.eclipse.m2e.maven.runtime_3.8.604.20221130-2149\jars\maven-builder-support-3.8.6.jar
2023-05-05 10:42:00,908 [Worker-3: Launching mavenrun-b88ce999-3888-49a7-8a1d-4b1a4cccbca1] INFO  o.eclipse.m2e.core.internal.Bundles - 	Entry: C:\Users\admin\Downloads\sts-4.17.2.RELEASE\plugins\org.eclipse.m2e.maven.runtime_3.8.604.20221130-2149\jars\maven-compat-3.8.6.jar
2023-05-05 10:42:00,908 [Worker-3: Launching mavenrun-b88ce999-3888-49a7-8a1d-4b1a4cccbca1] INFO  o.eclipse.m2e.core.internal.Bundles - 	Entry: C:\Users\admin\Downloads\sts-4.17.2.RELEASE\plugins\org.eclipse.m2e.maven.runtime_3.8.604.20221130-2149\jars\maven-core-3.8.6.jar
2023-05-05 10:42:00,909 [Worker-3: Launching mavenrun-b88ce999-3888-49a7-8a1d-4b1a4cccbca1] INFO  o.eclipse.m2e.core.internal.Bundles - 	Entry: C:\Users\admin\Downloads\sts-4.17.2.RELEASE\plugins\org.eclipse.m2e.maven.runtime_3.8.604.20221130-2149\jars\maven-embedder-3.8.6.jar
2023-05-05 10:42:00,909 [Worker-3: Launching mavenrun-b88ce999-3888-49a7-8a1d-4b1a4cccbca1] INFO  o.eclipse.m2e.core.internal.Bundles - 	Entry: C:\Users\admin\Downloads\sts-4.17.2.RELEASE\plugins\org.eclipse.m2e.maven.runtime_3.8.604.20221130-2149\jars\maven-model-3.8.6.jar
2023-05-05 10:42:00,909 [Worker-3: Launching mavenrun-b88ce999-3888-49a7-8a1d-4b1a4cccbca1] INFO  o.eclipse.m2e.core.internal.Bundles - 	Entry: C:\Users\admin\Downloads\sts-4.17.2.RELEASE\plugins\org.eclipse.m2e.maven.runtime_3.8.604.20221130-2149\jars\maven-model-builder-3.8.6.jar
2023-05-05 10:42:00,909 [Worker-3: Launching mavenrun-b88ce999-3888-49a7-8a1d-4b1a4cccbca1] INFO  o.eclipse.m2e.core.internal.Bundles - 	Entry: C:\Users\admin\Downloads\sts-4.17.2.RELEASE\plugins\org.eclipse.m2e.maven.runtime_3.8.604.20221130-2149\jars\maven-plugin-api-3.8.6.jar
2023-05-05 10:42:00,910 [Worker-3: Launching mavenrun-b88ce999-3888-49a7-8a1d-4b1a4cccbca1] INFO  o.eclipse.m2e.core.internal.Bundles - 	Entry: C:\Users\admin\Downloads\sts-4.17.2.RELEASE\plugins\org.eclipse.m2e.maven.runtime_3.8.604.20221130-2149\jars\maven-repository-metadata-3.8.6.jar
2023-05-05 10:42:00,910 [Worker-3: Launching mavenrun-b88ce999-3888-49a7-8a1d-4b1a4cccbca1] INFO  o.eclipse.m2e.core.internal.Bundles - 	Entry: C:\Users\admin\Downloads\sts-4.17.2.RELEASE\plugins\org.eclipse.m2e.maven.runtime_3.8.604.20221130-2149\jars\maven-resolver-api-1.6.3.jar
2023-05-05 10:42:00,910 [Worker-3: Launching mavenrun-b88ce999-3888-49a7-8a1d-4b1a4cccbca1] INFO  o.eclipse.m2e.core.internal.Bundles - 	Entry: C:\Users\admin\Downloads\sts-4.17.2.RELEASE\plugins\org.eclipse.m2e.maven.runtime_3.8.604.20221130-2149\jars\maven-resolver-connector-basic-1.6.3.jar
2023-05-05 10:42:00,910 [Worker-3: Launching mavenrun-b88ce999-3888-49a7-8a1d-4b1a4cccbca1] INFO  o.eclipse.m2e.core.internal.Bundles - 	Entry: C:\Users\admin\Downloads\sts-4.17.2.RELEASE\plugins\org.eclipse.m2e.maven.runtime_3.8.604.20221130-2149\jars\maven-resolver-impl-1.6.3.jar
2023-05-05 10:42:00,910 [Worker-3: Launching mavenrun-b88ce999-3888-49a7-8a1d-4b1a4cccbca1] INFO  o.eclipse.m2e.core.internal.Bundles - 	Entry: C:\Users\admin\Downloads\sts-4.17.2.RELEASE\plugins\org.eclipse.m2e.maven.runtime_3.8.604.20221130-2149\jars\maven-resolver-provider-3.8.6.jar
2023-05-05 10:42:00,911 [Worker-3: Launching mavenrun-b88ce999-3888-49a7-8a1d-4b1a4cccbca1] INFO  o.eclipse.m2e.core.internal.Bundles - 	Entry: C:\Users\admin\Downloads\sts-4.17.2.RELEASE\plugins\org.eclipse.m2e.maven.runtime_3.8.604.20221130-2149\jars\maven-resolver-spi-1.6.3.jar
2023-05-05 10:42:00,911 [Worker-3: Launching mavenrun-b88ce999-3888-49a7-8a1d-4b1a4cccbca1] INFO  o.eclipse.m2e.core.internal.Bundles - 	Entry: C:\Users\admin\Downloads\sts-4.17.2.RELEASE\plugins\org.eclipse.m2e.maven.runtime_3.8.604.20221130-2149\jars\maven-resolver-transport-wagon-1.6.3.jar
2023-05-05 10:42:00,911 [Worker-3: Launching mavenrun-b88ce999-3888-49a7-8a1d-4b1a4cccbca1] INFO  o.eclipse.m2e.core.internal.Bundles - 	Entry: C:\Users\admin\Downloads\sts-4.17.2.RELEASE\plugins\org.eclipse.m2e.maven.runtime_3.8.604.20221130-2149\jars\maven-resolver-util-1.6.3.jar
2023-05-05 10:42:00,911 [Worker-3: Launching mavenrun-b88ce999-3888-49a7-8a1d-4b1a4cccbca1] INFO  o.eclipse.m2e.core.internal.Bundles - 	Entry: C:\Users\admin\Downloads\sts-4.17.2.RELEASE\plugins\org.eclipse.m2e.maven.runtime_3.8.604.20221130-2149\jars\maven-settings-3.8.6.jar
2023-05-05 10:42:00,911 [Worker-3: Launching mavenrun-b88ce999-3888-49a7-8a1d-4b1a4cccbca1] INFO  o.eclipse.m2e.core.internal.Bundles - 	Entry: C:\Users\admin\Downloads\sts-4.17.2.RELEASE\plugins\org.eclipse.m2e.maven.runtime_3.8.604.20221130-2149\jars\maven-settings-builder-3.8.6.jar
2023-05-05 10:42:00,912 [Worker-3: Launching mavenrun-b88ce999-3888-49a7-8a1d-4b1a4cccbca1] INFO  o.eclipse.m2e.core.internal.Bundles - 	Entry: C:\Users\admin\Downloads\sts-4.17.2.RELEASE\plugins\org.eclipse.m2e.maven.runtime_3.8.604.20221130-2149\jars\maven-shared-utils-3.3.4.jar
2023-05-05 10:42:00,912 [Worker-3: Launching mavenrun-b88ce999-3888-49a7-8a1d-4b1a4cccbca1] INFO  o.eclipse.m2e.core.internal.Bundles - 	Entry: C:\Users\admin\Downloads\sts-4.17.2.RELEASE\plugins\org.eclipse.m2e.maven.runtime_3.8.604.20221130-2149\jars\okhttp-3.14.1.jar
2023-05-05 10:42:00,912 [Worker-3: Launching mavenrun-b88ce999-3888-49a7-8a1d-4b1a4cccbca1] INFO  o.eclipse.m2e.core.internal.Bundles - 	Entry: C:\Users\admin\Downloads\sts-4.17.2.RELEASE\plugins\org.eclipse.m2e.maven.runtime_3.8.604.20221130-2149\jars\okio-1.17.3.jar
2023-05-05 10:42:00,912 [Worker-3: Launching mavenrun-b88ce999-3888-49a7-8a1d-4b1a4cccbca1] INFO  o.eclipse.m2e.core.internal.Bundles - 	Entry: C:\Users\admin\Downloads\sts-4.17.2.RELEASE\plugins\org.eclipse.m2e.maven.runtime_3.8.604.20221130-2149\jars\org.eclipse.sisu.inject-0.3.5.jar
2023-05-05 10:42:00,912 [Worker-3: Launching mavenrun-b88ce999-3888-49a7-8a1d-4b1a4cccbca1] INFO  o.eclipse.m2e.core.internal.Bundles - 	Entry: C:\Users\admin\Downloads\sts-4.17.2.RELEASE\plugins\org.eclipse.m2e.maven.runtime_3.8.604.20221130-2149\jars\org.eclipse.sisu.plexus-0.3.5.jar
2023-05-05 10:42:00,913 [Worker-3: Launching mavenrun-b88ce999-3888-49a7-8a1d-4b1a4cccbca1] INFO  o.eclipse.m2e.core.internal.Bundles - 	Entry: C:\Users\admin\Downloads\sts-4.17.2.RELEASE\plugins\org.eclipse.m2e.maven.runtime_3.8.604.20221130-2149\jars\plexus-build-api-0.0.7.jar
2023-05-05 10:42:00,913 [Worker-3: Launching mavenrun-b88ce999-3888-49a7-8a1d-4b1a4cccbca1] INFO  o.eclipse.m2e.core.internal.Bundles - 	Entry: C:\Users\admin\Downloads\sts-4.17.2.RELEASE\plugins\org.eclipse.m2e.maven.runtime_3.8.604.20221130-2149\jars\plexus-cipher-2.0.jar
2023-05-05 10:42:00,914 [Worker-3: Launching mavenrun-b88ce999-3888-49a7-8a1d-4b1a4cccbca1] INFO  o.eclipse.m2e.core.internal.Bundles - 	Entry: C:\Users\admin\Downloads\sts-4.17.2.RELEASE\plugins\org.eclipse.m2e.maven.runtime_3.8.604.20221130-2149\jars\plexus-classworlds-2.6.0.jar
2023-05-05 10:42:00,914 [Worker-3: Launching mavenrun-b88ce999-3888-49a7-8a1d-4b1a4cccbca1] INFO  o.eclipse.m2e.core.internal.Bundles - 	Entry: C:\Users\admin\Downloads\sts-4.17.2.RELEASE\plugins\org.eclipse.m2e.maven.runtime_3.8.604.20221130-2149\jars\plexus-component-annotations-2.1.0.jar
2023-05-05 10:42:00,914 [Worker-3: Launching mavenrun-b88ce999-3888-49a7-8a1d-4b1a4cccbca1] INFO  o.eclipse.m2e.core.internal.Bundles - 	Entry: C:\Users\admin\Downloads\sts-4.17.2.RELEASE\plugins\org.eclipse.m2e.maven.runtime_3.8.604.20221130-2149\jars\plexus-interpolation-1.26.jar
2023-05-05 10:42:00,915 [Worker-3: Launching mavenrun-b88ce999-3888-49a7-8a1d-4b1a4cccbca1] INFO  o.eclipse.m2e.core.internal.Bundles - 	Entry: C:\Users\admin\Downloads\sts-4.17.2.RELEASE\plugins\org.eclipse.m2e.maven.runtime_3.8.604.20221130-2149\jars\plexus-sec-dispatcher-2.0.jar
2023-05-05 10:42:00,915 [Worker-3: Launching mavenrun-b88ce999-3888-49a7-8a1d-4b1a4cccbca1] INFO  o.eclipse.m2e.core.internal.Bundles - 	Entry: C:\Users\admin\Downloads\sts-4.17.2.RELEASE\plugins\org.eclipse.m2e.maven.runtime_3.8.604.20221130-2149\jars\plexus-utils-3.3.1.jar
2023-05-05 10:42:00,915 [Worker-3: Launching mavenrun-b88ce999-3888-49a7-8a1d-4b1a4cccbca1] INFO  o.eclipse.m2e.core.internal.Bundles - 	Entry: C:\Users\admin\Downloads\sts-4.17.2.RELEASE\plugins\org.eclipse.m2e.maven.runtime_3.8.604.20221130-2149\jars\wagon-file-3.5.1.jar
2023-05-05 10:42:00,916 [Worker-3: Launching mavenrun-b88ce999-3888-49a7-8a1d-4b1a4cccbca1] INFO  o.eclipse.m2e.core.internal.Bundles - 	Entry: C:\Users\admin\Downloads\sts-4.17.2.RELEASE\plugins\org.eclipse.m2e.maven.runtime_3.8.604.20221130-2149\jars\wagon-provider-api-3.5.1.jar
2023-05-05 10:42:00,919 [Worker-3: Launching mavenrun-b88ce999-3888-49a7-8a1d-4b1a4cccbca1] INFO  o.eclipse.m2e.core.internal.Bundles - getClasspathEntries(Bundle=com.google.guava_30.1.0.v20221112-0806 [22])
2023-05-05 10:42:00,921 [Worker-3: Launching mavenrun-b88ce999-3888-49a7-8a1d-4b1a4cccbca1] INFO  o.eclipse.m2e.core.internal.Bundles - 	Entry: C:\Users\admin\Downloads\sts-4.17.2.RELEASE\plugins\com.google.guava_30.1.0.v20221112-0806.jar
2023-05-05 10:42:00,921 [Worker-3: Launching mavenrun-b88ce999-3888-49a7-8a1d-4b1a4cccbca1] INFO  o.eclipse.m2e.core.internal.Bundles - getClasspathEntries(Bundle=slf4j.api_1.7.36 [584])
2023-05-05 10:42:00,922 [Worker-3: Launching mavenrun-b88ce999-3888-49a7-8a1d-4b1a4cccbca1] INFO  o.eclipse.m2e.core.internal.Bundles - 	Entry: C:\Users\admin\Downloads\sts-4.17.2.RELEASE\plugins\slf4j.api_1.7.36.jar
2023-05-05 10:42:00,922 [Worker-3: Launching mavenrun-b88ce999-3888-49a7-8a1d-4b1a4cccbca1] INFO  o.eclipse.m2e.core.internal.Bundles - getClasspathEntries(Bundle=javax.inject_1.0.0.v20220405-0441 [49])
2023-05-05 10:42:00,925 [Worker-3: Launching mavenrun-b88ce999-3888-49a7-8a1d-4b1a4cccbca1] INFO  o.eclipse.m2e.core.internal.Bundles - 	Entry: C:\Users\admin\Downloads\sts-4.17.2.RELEASE\plugins\javax.inject_1.0.0.v20220405-0441.jar
2023-05-05 10:42:00,925 [Worker-3: Launching mavenrun-b88ce999-3888-49a7-8a1d-4b1a4cccbca1] INFO  o.eclipse.m2e.core.internal.Bundles - getClasspathEntries(Bundle=javax.annotation_1.3.5.v20221112-0806 [47])
2023-05-05 10:42:00,927 [Worker-3: Launching mavenrun-b88ce999-3888-49a7-8a1d-4b1a4cccbca1] INFO  o.eclipse.m2e.core.internal.Bundles - 	Entry: C:\Users\admin\Downloads\sts-4.17.2.RELEASE\plugins\javax.annotation_1.3.5.v20221112-0806.jar
2023-05-05 10:42:00,938 [Worker-3: Launching mavenrun-b88ce999-3888-49a7-8a1d-4b1a4cccbca1] INFO  o.e.m.i.launch.MavenLaunchDelegate - Run build in "C:\Users\admin\AppData\Local\Temp\m2e-archetypeGenerator2683452964505057210":
2023-05-05 10:42:00,944 [Worker-3: Launching mavenrun-b88ce999-3888-49a7-8a1d-4b1a4cccbca1] INFO  o.e.m.i.launch.MavenLaunchDelegate -  mvn  -DarchetypeGroupId=org.apache.maven.archetypes -DarchetypeArtifactId=maven-archetype-quickstart -DarchetypeVersion=1.4 -DgroupId=Sb101_Project -DartifactId=Project -Dversion=0.0.1-SNAPSHOT -Dpackage=Sb101_Project.Project -DoutputDirectory=C:\Users\admin\Desktop\SB-101-Project -Dstyle.color=always -U archetype:generate
2023-05-05 10:42:16,790 [Worker-1: Creating maven-archetype-quickstart] INFO  o.e.m.c.i.p.ProjectConfigurationManager - Collecting project info '/pom.xml' C:\Users\admin\Desktop\SB-101-Project\Project\pom.xml
2023-05-05 10:42:18,726 [Worker-1: Creating maven-archetype-quickstart] INFO  o.e.m.c.i.l.LifecycleMappingFactory - Using org.eclipse.m2e.jdt.JarLifecycleMapping lifecycle mapping for MavenProject: Sb101_Project:Project:0.0.1-SNAPSHOT @ C:\Users\admin\Desktop\SB-101-Project\Project\pom.xml.
2023-05-05 10:42:20,892 [Worker-1: Creating maven-archetype-quickstart] INFO  o.e.m.j.i.AbstractJavaProjectConfigurator - Adding source folder /Project/src/main/java
2023-05-05 10:42:21,036 [Worker-1: Creating maven-archetype-quickstart] INFO  o.e.m.j.i.AbstractJavaProjectConfigurator - Adding source folder /Project/src/test/java
2023-05-05 10:42:21,706 [Worker-1: Creating maven-archetype-quickstart] INFO  o.e.m.c.i.p.ProjectConfigurationManager - Imported and configured 1 project(s) in 4 sec
2023-05-05 10:42:21,806 [Worker-2: Updating Maven Project] INFO  o.e.m.c.i.p.ProjectConfigurationManager - Update started
2023-05-05 10:42:22,478 [Worker-2: Updating Maven Project] INFO  o.e.m.c.i.l.LifecycleMappingFactory - Using org.eclipse.m2e.jdt.JarLifecycleMapping lifecycle mapping for MavenProject: Sb101_Project:Project:0.0.1-SNAPSHOT @ C:\Users\admin\Desktop\SB-101-Project\Project\pom.xml.
2023-05-05 10:42:22,707 [Worker-2: Updating Maven Project] INFO  o.e.m.j.i.AbstractJavaProjectConfigurator - Adding source folder /Project/src/main/java
2023-05-05 10:42:22,709 [Worker-2: Updating Maven Project] INFO  o.e.m.j.i.AbstractJavaProjectConfigurator - Adding source folder /Project/src/test/java
2023-05-05 10:42:23,508 [Worker-2: Updating Maven Project] INFO  o.e.m.c.i.p.ProjectConfigurationManager - Update completed for 1 poms: local refresh takes 0.00 sec, refresh facades takes 0.00 sec, update config takes 0.00 sec 
2023-05-05 10:42:25,453 [Worker-8: Building] INFO  o.e.m.c.i.embedder.EclipseLogger - Using 'UTF-8' encoding to copy filtered resources.
2023-05-05 10:42:25,453 [Worker-8: Building] INFO  o.e.m.c.i.embedder.EclipseLogger - skip non existing resourceDirectory C:\Users\admin\Desktop\SB-101-Project\Project\src\main\resources
2023-05-05 10:42:25,457 [Worker-8: Building] INFO  o.e.m.c.i.embedder.EclipseLogger - Using 'UTF-8' encoding to copy filtered resources.
2023-05-05 10:42:25,458 [Worker-8: Building] INFO  o.e.m.c.i.embedder.EclipseLogger - skip non existing resourceDirectory C:\Users\admin\Desktop\SB-101-Project\Project\src\test\resources
2023-05-05 10:42:49,608 [Worker-5: Building] WARN  o.e.m.c.i.embedder.EclipseLogger - The artifact mysql:mysql-connector-java:jar:8.0.32 has been relocated to com.mysql:mysql-connector-j:jar:8.0.32: MySQL Connector/J artifacts moved to reverse-DNS compliant Maven 2+ coordinates.
2023-05-05 10:42:49,611 [Worker-5: Building] WARN  o.e.m.c.i.embedder.EclipseLogger - The artifact org.hibernate:hibernate-core:jar:6.1.7.Final has been relocated to org.hibernate.orm:hibernate-core:jar:6.1.7.Final
2023-05-05 10:42:50,209 [Worker-5: Building] INFO  o.e.m.c.i.l.LifecycleMappingFactory - Using org.eclipse.m2e.jdt.JarLifecycleMapping lifecycle mapping for MavenProject: com.masai:D25_Demo_project:0.0.1-SNAPSHOT @ C:\Users\admin\Desktop\SB-101-Project\Project\pom.xml.
2023-05-05 10:42:50,212 [Worker-5: Building] WARN  o.e.m.c.i.embedder.EclipseLogger - The artifact mysql:mysql-connector-java:jar:8.0.32 has been relocated to com.mysql:mysql-connector-j:jar:8.0.32: MySQL Connector/J artifacts moved to reverse-DNS compliant Maven 2+ coordinates.
2023-05-05 10:42:50,213 [Worker-5: Building] WARN  o.e.m.c.i.embedder.EclipseLogger - The artifact org.hibernate:hibernate-core:jar:6.1.7.Final has been relocated to org.hibernate.orm:hibernate-core:jar:6.1.7.Final
2023-05-05 10:42:50,546 [Worker-5: Building] INFO  o.e.m.c.i.embedder.EclipseLogger - Using 'UTF-8' encoding to copy filtered resources.
2023-05-05 10:42:50,547 [Worker-5: Building] INFO  o.e.m.c.i.embedder.EclipseLogger - skip non existing resourceDirectory C:\Users\admin\Desktop\SB-101-Project\Project\src\main\resources
2023-05-05 10:42:50,550 [Worker-5: Building] INFO  o.e.m.c.i.embedder.EclipseLogger - Using 'UTF-8' encoding to copy filtered resources.
2023-05-05 10:42:50,551 [Worker-5: Building] INFO  o.e.m.c.i.embedder.EclipseLogger - skip non existing resourceDirectory C:\Users\admin\Desktop\SB-101-Project\Project\src\test\resources
2023-05-05 10:42:52,258 [Worker-5: Building] INFO  o.e.m.c.i.embedder.EclipseLogger - Using 'UTF-8' encoding to copy filtered resources.
2023-05-05 10:42:52,258 [Worker-5: Building] INFO  o.e.m.c.i.embedder.EclipseLogger - skip non existing resourceDirectory C:\Users\admin\Desktop\SB-101-Project\Project\src\main\resources
2023-05-05 10:42:52,261 [Worker-5: Building] INFO  o.e.m.c.i.embedder.EclipseLogger - Using 'UTF-8' encoding to copy filtered resources.
2023-05-05 10:42:52,261 [Worker-5: Building] INFO  o.e.m.c.i.embedder.EclipseLogger - skip non existing resourceDirectory C:\Users\admin\Desktop\SB-101-Project\Project\src\test\resources
2023-05-05 10:43:07,290 [Worker-4: Building] INFO  o.e.m.c.i.embedder.EclipseLogger - Using 'UTF-8' encoding to copy filtered resources.
2023-05-05 10:43:07,298 [Worker-4: Building] INFO  o.e.m.c.i.embedder.EclipseLogger - Copying 0 resource
2023-05-05 10:43:07,301 [Worker-4: Building] INFO  o.e.m.c.i.embedder.EclipseLogger - Using 'UTF-8' encoding to copy filtered resources.
2023-05-05 10:43:07,301 [Worker-4: Building] INFO  o.e.m.c.i.embedder.EclipseLogger - skip non existing resourceDirectory C:\Users\admin\Desktop\SB-101-Project\Project\src\test\resources
2023-05-05 10:43:16,431 [Worker-4: Building] INFO  o.e.m.c.i.embedder.EclipseLogger - Using 'UTF-8' encoding to copy filtered resources.
2023-05-05 10:43:16,431 [Worker-4: Building] INFO  o.e.m.c.i.embedder.EclipseLogger - Copying 0 resource
2023-05-05 10:43:16,435 [Worker-4: Building] INFO  o.e.m.c.i.embedder.EclipseLogger - Using 'UTF-8' encoding to copy filtered resources.
2023-05-05 10:43:16,435 [Worker-4: Building] INFO  o.e.m.c.i.embedder.EclipseLogger - skip non existing resourceDirectory C:\Users\admin\Desktop\SB-101-Project\Project\src\test\resources
2023-05-05 10:43:28,903 [Worker-4: Building] INFO  o.e.m.c.i.embedder.EclipseLogger - Using 'UTF-8' encoding to copy filtered resources.
2023-05-05 10:43:28,903 [Worker-4: Building] INFO  o.e.m.c.i.embedder.EclipseLogger - Copying 1 resource
2023-05-05 10:43:28,922 [Worker-4: Building] INFO  o.e.m.c.i.embedder.EclipseLogger - Using 'UTF-8' encoding to copy filtered resources.
2023-05-05 10:43:28,922 [Worker-4: Building] INFO  o.e.m.c.i.embedder.EclipseLogger - skip non existing resourceDirectory C:\Users\admin\Desktop\SB-101-Project\Project\src\test\resources
2023-05-05 10:43:54,243 [Worker-1: Building] INFO  o.e.m.c.i.embedder.EclipseLogger - Using 'UTF-8' encoding to copy filtered resources.
2023-05-05 10:43:54,244 [Worker-1: Building] INFO  o.e.m.c.i.embedder.EclipseLogger - Copying 0 resource
2023-05-05 10:43:54,247 [Worker-1: Building] INFO  o.e.m.c.i.embedder.EclipseLogger - Using 'UTF-8' encoding to copy filtered resources.
2023-05-05 10:43:54,247 [Worker-1: Building] INFO  o.e.m.c.i.embedder.EclipseLogger - skip non existing resourceDirectory C:\Users\admin\Desktop\SB-101-Project\Project\src\test\resources
2023-05-05 10:44:04,411 [Worker-4: Building] INFO  o.e.m.c.i.embedder.EclipseLogger - Using 'UTF-8' encoding to copy filtered resources.
2023-05-05 10:44:04,411 [Worker-4: Building] INFO  o.e.m.c.i.embedder.EclipseLogger - Copying 0 resource
2023-05-05 10:44:04,415 [Worker-4: Building] INFO  o.e.m.c.i.embedder.EclipseLogger - Using 'UTF-8' encoding to copy filtered resources.
2023-05-05 10:44:04,415 [Worker-4: Building] INFO  o.e.m.c.i.embedder.EclipseLogger - skip non existing resourceDirectory C:\Users\admin\Desktop\SB-101-Project\Project\src\test\resources
2023-05-05 10:44:47,664 [Worker-7: Building] INFO  o.e.m.c.i.embedder.EclipseLogger - Using 'UTF-8' encoding to copy filtered resources.
2023-05-05 10:44:47,665 [Worker-7: Building] INFO  o.e.m.c.i.embedder.EclipseLogger - Copying 1 resource
2023-05-05 10:44:47,674 [Worker-7: Building] INFO  o.e.m.c.i.embedder.EclipseLogger - Using 'UTF-8' encoding to copy filtered resources.
2023-05-05 10:44:47,674 [Worker-7: Building] INFO  o.e.m.c.i.embedder.EclipseLogger - skip non existing resourceDirectory C:\Users\admin\Desktop\SB-101-Project\Project\src\test\resources
2023-05-05 17:10:06,938 [Worker-0: Loading available Gradle versions] INFO  o.e.b.c.i.u.g.PublishedGradleVersions - Gradle version information cache is up-to-date. Trying to read.
2023-05-05 17:11:30,590 [Worker-7: Building] WARN  o.e.m.c.i.embedder.EclipseLogger - The artifact mysql:mysql-connector-java:jar:8.0.32 has been relocated to com.mysql:mysql-connector-j:jar:8.0.32: MySQL Connector/J artifacts moved to reverse-DNS compliant Maven 2+ coordinates.
2023-05-05 17:11:30,595 [Worker-7: Building] WARN  o.e.m.c.i.embedder.EclipseLogger - The artifact org.hibernate:hibernate-core:jar:6.1.7.Final has been relocated to org.hibernate.orm:hibernate-core:jar:6.1.7.Final
2023-05-05 17:11:33,035 [Worker-7: Building] INFO  o.e.m.c.i.embedder.EclipseLogger - Using 'UTF-8' encoding to copy filtered resources.
2023-05-05 17:11:33,040 [Worker-7: Building] INFO  o.e.m.c.i.embedder.EclipseLogger - Copying 1 resource
2023-05-05 17:11:33,049 [Worker-7: Building] INFO  o.e.m.c.i.embedder.EclipseLogger - Using 'UTF-8' encoding to copy filtered resources.
2023-05-05 17:11:33,049 [Worker-7: Building] INFO  o.e.m.c.i.embedder.EclipseLogger - skip non existing resourceDirectory C:\Users\admin\Desktop\SB-101-Project\Project\src\test\resources
2023-05-05 17:14:05,196 [Worker-1: Launching mavenrun-2b71bc0c-08e1-44fb-95c4-6484a421c1b8] INFO  o.eclipse.m2e.core.internal.Bundles - getClasspathEntries(Bundle=org.eclipse.m2e.maven.runtime_3.8.604.20221130-2149 [345])
2023-05-05 17:14:05,403 [Worker-1: Launching mavenrun-2b71bc0c-08e1-44fb-95c4-6484a421c1b8] INFO  o.eclipse.m2e.core.internal.Bundles - 	Entry: C:\Users\admin\Downloads\sts-4.17.2.RELEASE\plugins\org.eclipse.m2e.maven.runtime_3.8.604.20221130-2149
2023-05-05 17:14:05,403 [Worker-1: Launching mavenrun-2b71bc0c-08e1-44fb-95c4-6484a421c1b8] INFO  o.eclipse.m2e.core.internal.Bundles - 	Entry: C:\Users\admin\Downloads\sts-4.17.2.RELEASE\plugins\org.eclipse.m2e.maven.runtime_3.8.604.20221130-2149\jars\aether-connector-okhttp-0.17.8.jar
2023-05-05 17:14:05,404 [Worker-1: Launching mavenrun-2b71bc0c-08e1-44fb-95c4-6484a421c1b8] INFO  o.eclipse.m2e.core.internal.Bundles - 	Entry: C:\Users\admin\Downloads\sts-4.17.2.RELEASE\plugins\org.eclipse.m2e.maven.runtime_3.8.604.20221130-2149\jars\commons-cli-1.4.jar
2023-05-05 17:14:05,404 [Worker-1: Launching mavenrun-2b71bc0c-08e1-44fb-95c4-6484a421c1b8] INFO  o.eclipse.m2e.core.internal.Bundles - 	Entry: C:\Users\admin\Downloads\sts-4.17.2.RELEASE\plugins\org.eclipse.m2e.maven.runtime_3.8.604.20221130-2149\jars\commons-io-2.6.jar
2023-05-05 17:14:05,405 [Worker-1: Launching mavenrun-2b71bc0c-08e1-44fb-95c4-6484a421c1b8] INFO  o.eclipse.m2e.core.internal.Bundles - 	Entry: C:\Users\admin\Downloads\sts-4.17.2.RELEASE\plugins\org.eclipse.m2e.maven.runtime_3.8.604.20221130-2149\jars\commons-lang3-3.8.1.jar
2023-05-05 17:14:05,405 [Worker-1: Launching mavenrun-2b71bc0c-08e1-44fb-95c4-6484a421c1b8] INFO  o.eclipse.m2e.core.internal.Bundles - 	Entry: C:\Users\admin\Downloads\sts-4.17.2.RELEASE\plugins\org.eclipse.m2e.maven.runtime_3.8.604.20221130-2149\jars\guice-4.2.2-no_aop.jar
2023-05-05 17:14:05,405 [Worker-1: Launching mavenrun-2b71bc0c-08e1-44fb-95c4-6484a421c1b8] INFO  o.eclipse.m2e.core.internal.Bundles - 	Entry: C:\Users\admin\Downloads\sts-4.17.2.RELEASE\plugins\org.eclipse.m2e.maven.runtime_3.8.604.20221130-2149\jars\jansi-2.4.0.jar
2023-05-05 17:14:05,406 [Worker-1: Launching mavenrun-2b71bc0c-08e1-44fb-95c4-6484a421c1b8] INFO  o.eclipse.m2e.core.internal.Bundles - 	Entry: C:\Users\admin\Downloads\sts-4.17.2.RELEASE\plugins\org.eclipse.m2e.maven.runtime_3.8.604.20221130-2149\jars\maven-artifact-3.8.6.jar
2023-05-05 17:14:05,406 [Worker-1: Launching mavenrun-2b71bc0c-08e1-44fb-95c4-6484a421c1b8] INFO  o.eclipse.m2e.core.internal.Bundles - 	Entry: C:\Users\admin\Downloads\sts-4.17.2.RELEASE\plugins\org.eclipse.m2e.maven.runtime_3.8.604.20221130-2149\jars\maven-builder-support-3.8.6.jar
2023-05-05 17:14:05,406 [Worker-1: Launching mavenrun-2b71bc0c-08e1-44fb-95c4-6484a421c1b8] INFO  o.eclipse.m2e.core.internal.Bundles - 	Entry: C:\Users\admin\Downloads\sts-4.17.2.RELEASE\plugins\org.eclipse.m2e.maven.runtime_3.8.604.20221130-2149\jars\maven-compat-3.8.6.jar
2023-05-05 17:14:05,406 [Worker-1: Launching mavenrun-2b71bc0c-08e1-44fb-95c4-6484a421c1b8] INFO  o.eclipse.m2e.core.internal.Bundles - 	Entry: C:\Users\admin\Downloads\sts-4.17.2.RELEASE\plugins\org.eclipse.m2e.maven.runtime_3.8.604.20221130-2149\jars\maven-core-3.8.6.jar
2023-05-05 17:14:05,407 [Worker-1: Launching mavenrun-2b71bc0c-08e1-44fb-95c4-6484a421c1b8] INFO  o.eclipse.m2e.core.internal.Bundles - 	Entry: C:\Users\admin\Downloads\sts-4.17.2.RELEASE\plugins\org.eclipse.m2e.maven.runtime_3.8.604.20221130-2149\jars\maven-embedder-3.8.6.jar
2023-05-05 17:14:05,407 [Worker-1: Launching mavenrun-2b71bc0c-08e1-44fb-95c4-6484a421c1b8] INFO  o.eclipse.m2e.core.internal.Bundles - 	Entry: C:\Users\admin\Downloads\sts-4.17.2.RELEASE\plugins\org.eclipse.m2e.maven.runtime_3.8.604.20221130-2149\jars\maven-model-3.8.6.jar
2023-05-05 17:14:05,407 [Worker-1: Launching mavenrun-2b71bc0c-08e1-44fb-95c4-6484a421c1b8] INFO  o.eclipse.m2e.core.internal.Bundles - 	Entry: C:\Users\admin\Downloads\sts-4.17.2.RELEASE\plugins\org.eclipse.m2e.maven.runtime_3.8.604.20221130-2149\jars\maven-model-builder-3.8.6.jar
2023-05-05 17:14:05,407 [Worker-1: Launching mavenrun-2b71bc0c-08e1-44fb-95c4-6484a421c1b8] INFO  o.eclipse.m2e.core.internal.Bundles - 	Entry: C:\Users\admin\Downloads\sts-4.17.2.RELEASE\plugins\org.eclipse.m2e.maven.runtime_3.8.604.20221130-2149\jars\maven-plugin-api-3.8.6.jar
2023-05-05 17:14:05,407 [Worker-1: Launching mavenrun-2b71bc0c-08e1-44fb-95c4-6484a421c1b8] INFO  o.eclipse.m2e.core.internal.Bundles - 	Entry: C:\Users\admin\Downloads\sts-4.17.2.RELEASE\plugins\org.eclipse.m2e.maven.runtime_3.8.604.20221130-2149\jars\maven-repository-metadata-3.8.6.jar
2023-05-05 17:14:05,408 [Worker-1: Launching mavenrun-2b71bc0c-08e1-44fb-95c4-6484a421c1b8] INFO  o.eclipse.m2e.core.internal.Bundles - 	Entry: C:\Users\admin\Downloads\sts-4.17.2.RELEASE\plugins\org.eclipse.m2e.maven.runtime_3.8.604.20221130-2149\jars\maven-resolver-api-1.6.3.jar
2023-05-05 17:14:05,408 [Worker-1: Launching mavenrun-2b71bc0c-08e1-44fb-95c4-6484a421c1b8] INFO  o.eclipse.m2e.core.internal.Bundles - 	Entry: C:\Users\admin\Downloads\sts-4.17.2.RELEASE\plugins\org.eclipse.m2e.maven.runtime_3.8.604.20221130-2149\jars\maven-resolver-connector-basic-1.6.3.jar
2023-05-05 17:14:05,408 [Worker-1: Launching mavenrun-2b71bc0c-08e1-44fb-95c4-6484a421c1b8] INFO  o.eclipse.m2e.core.internal.Bundles - 	Entry: C:\Users\admin\Downloads\sts-4.17.2.RELEASE\plugins\org.eclipse.m2e.maven.runtime_3.8.604.20221130-2149\jars\maven-resolver-impl-1.6.3.jar
2023-05-05 17:14:05,408 [Worker-1: Launching mavenrun-2b71bc0c-08e1-44fb-95c4-6484a421c1b8] INFO  o.eclipse.m2e.core.internal.Bundles - 	Entry: C:\Users\admin\Downloads\sts-4.17.2.RELEASE\plugins\org.eclipse.m2e.maven.runtime_3.8.604.20221130-2149\jars\maven-resolver-provider-3.8.6.jar
2023-05-05 17:14:05,409 [Worker-1: Launching mavenrun-2b71bc0c-08e1-44fb-95c4-6484a421c1b8] INFO  o.eclipse.m2e.core.internal.Bundles - 	Entry: C:\Users\admin\Downloads\sts-4.17.2.RELEASE\plugins\org.eclipse.m2e.maven.runtime_3.8.604.20221130-2149\jars\maven-resolver-spi-1.6.3.jar
2023-05-05 17:14:05,409 [Worker-1: Launching mavenrun-2b71bc0c-08e1-44fb-95c4-6484a421c1b8] INFO  o.eclipse.m2e.core.internal.Bundles - 	Entry: C:\Users\admin\Downloads\sts-4.17.2.RELEASE\plugins\org.eclipse.m2e.maven.runtime_3.8.604.20221130-2149\jars\maven-resolver-transport-wagon-1.6.3.jar
2023-05-05 17:14:05,409 [Worker-1: Launching mavenrun-2b71bc0c-08e1-44fb-95c4-6484a421c1b8] INFO  o.eclipse.m2e.core.internal.Bundles - 	Entry: C:\Users\admin\Downloads\sts-4.17.2.RELEASE\plugins\org.eclipse.m2e.maven.runtime_3.8.604.20221130-2149\jars\maven-resolver-util-1.6.3.jar
2023-05-05 17:14:05,409 [Worker-1: Launching mavenrun-2b71bc0c-08e1-44fb-95c4-6484a421c1b8] INFO  o.eclipse.m2e.core.internal.Bundles - 	Entry: C:\Users\admin\Downloads\sts-4.17.2.RELEASE\plugins\org.eclipse.m2e.maven.runtime_3.8.604.20221130-2149\jars\maven-settings-3.8.6.jar
2023-05-05 17:14:05,410 [Worker-1: Launching mavenrun-2b71bc0c-08e1-44fb-95c4-6484a421c1b8] INFO  o.eclipse.m2e.core.internal.Bundles - 	Entry: C:\Users\admin\Downloads\sts-4.17.2.RELEASE\plugins\org.eclipse.m2e.maven.runtime_3.8.604.20221130-2149\jars\maven-settings-builder-3.8.6.jar
2023-05-05 17:14:05,410 [Worker-1: Launching mavenrun-2b71bc0c-08e1-44fb-95c4-6484a421c1b8] INFO  o.eclipse.m2e.core.internal.Bundles - 	Entry: C:\Users\admin\Downloads\sts-4.17.2.RELEASE\plugins\org.eclipse.m2e.maven.runtime_3.8.604.20221130-2149\jars\maven-shared-utils-3.3.4.jar
2023-05-05 17:14:05,410 [Worker-1: Launching mavenrun-2b71bc0c-08e1-44fb-95c4-6484a421c1b8] INFO  o.eclipse.m2e.core.internal.Bundles - 	Entry: C:\Users\admin\Downloads\sts-4.17.2.RELEASE\plugins\org.eclipse.m2e.maven.runtime_3.8.604.20221130-2149\jars\okhttp-3.14.1.jar
2023-05-05 17:14:05,410 [Worker-1: Launching mavenrun-2b71bc0c-08e1-44fb-95c4-6484a421c1b8] INFO  o.eclipse.m2e.core.internal.Bundles - 	Entry: C:\Users\admin\Downloads\sts-4.17.2.RELEASE\plugins\org.eclipse.m2e.maven.runtime_3.8.604.20221130-2149\jars\okio-1.17.3.jar
2023-05-05 17:14:05,410 [Worker-1: Launching mavenrun-2b71bc0c-08e1-44fb-95c4-6484a421c1b8] INFO  o.eclipse.m2e.core.internal.Bundles - 	Entry: C:\Users\admin\Downloads\sts-4.17.2.RELEASE\plugins\org.eclipse.m2e.maven.runtime_3.8.604.20221130-2149\jars\org.eclipse.sisu.inject-0.3.5.jar
2023-05-05 17:14:05,411 [Worker-1: Launching mavenrun-2b71bc0c-08e1-44fb-95c4-6484a421c1b8] INFO  o.eclipse.m2e.core.internal.Bundles - 	Entry: C:\Users\admin\Downloads\sts-4.17.2.RELEASE\plugins\org.eclipse.m2e.maven.runtime_3.8.604.20221130-2149\jars\org.eclipse.sisu.plexus-0.3.5.jar
2023-05-05 17:14:05,411 [Worker-1: Launching mavenrun-2b71bc0c-08e1-44fb-95c4-6484a421c1b8] INFO  o.eclipse.m2e.core.internal.Bundles - 	Entry: C:\Users\admin\Downloads\sts-4.17.2.RELEASE\plugins\org.eclipse.m2e.maven.runtime_3.8.604.20221130-2149\jars\plexus-build-api-0.0.7.jar
2023-05-05 17:14:05,411 [Worker-1: Launching mavenrun-2b71bc0c-08e1-44fb-95c4-6484a421c1b8] INFO  o.eclipse.m2e.core.internal.Bundles - 	Entry: C:\Users\admin\Downloads\sts-4.17.2.RELEASE\plugins\org.eclipse.m2e.maven.runtime_3.8.604.20221130-2149\jars\plexus-cipher-2.0.jar
2023-05-05 17:14:05,411 [Worker-1: Launching mavenrun-2b71bc0c-08e1-44fb-95c4-6484a421c1b8] INFO  o.eclipse.m2e.core.internal.Bundles - 	Entry: C:\Users\admin\Downloads\sts-4.17.2.RELEASE\plugins\org.eclipse.m2e.maven.runtime_3.8.604.20221130-2149\jars\plexus-classworlds-2.6.0.jar
2023-05-05 17:14:05,411 [Worker-1: Launching mavenrun-2b71bc0c-08e1-44fb-95c4-6484a421c1b8] INFO  o.eclipse.m2e.core.internal.Bundles - 	Entry: C:\Users\admin\Downloads\sts-4.17.2.RELEASE\plugins\org.eclipse.m2e.maven.runtime_3.8.604.20221130-2149\jars\plexus-component-annotations-2.1.0.jar
2023-05-05 17:14:05,413 [Worker-1: Launching mavenrun-2b71bc0c-08e1-44fb-95c4-6484a421c1b8] INFO  o.eclipse.m2e.core.internal.Bundles - 	Entry: C:\Users\admin\Downloads\sts-4.17.2.RELEASE\plugins\org.eclipse.m2e.maven.runtime_3.8.604.20221130-2149\jars\plexus-interpolation-1.26.jar
2023-05-05 17:14:05,413 [Worker-1: Launching mavenrun-2b71bc0c-08e1-44fb-95c4-6484a421c1b8] INFO  o.eclipse.m2e.core.internal.Bundles - 	Entry: C:\Users\admin\Downloads\sts-4.17.2.RELEASE\plugins\org.eclipse.m2e.maven.runtime_3.8.604.20221130-2149\jars\plexus-sec-dispatcher-2.0.jar
2023-05-05 17:14:05,413 [Worker-1: Launching mavenrun-2b71bc0c-08e1-44fb-95c4-6484a421c1b8] INFO  o.eclipse.m2e.core.internal.Bundles - 	Entry: C:\Users\admin\Downloads\sts-4.17.2.RELEASE\plugins\org.eclipse.m2e.maven.runtime_3.8.604.20221130-2149\jars\plexus-utils-3.3.1.jar
2023-05-05 17:14:05,414 [Worker-1: Launching mavenrun-2b71bc0c-08e1-44fb-95c4-6484a421c1b8] INFO  o.eclipse.m2e.core.internal.Bundles - 	Entry: C:\Users\admin\Downloads\sts-4.17.2.RELEASE\plugins\org.eclipse.m2e.maven.runtime_3.8.604.20221130-2149\jars\wagon-file-3.5.1.jar
2023-05-05 17:14:05,415 [Worker-1: Launching mavenrun-2b71bc0c-08e1-44fb-95c4-6484a421c1b8] INFO  o.eclipse.m2e.core.internal.Bundles - 	Entry: C:\Users\admin\Downloads\sts-4.17.2.RELEASE\plugins\org.eclipse.m2e.maven.runtime_3.8.604.20221130-2149\jars\wagon-provider-api-3.5.1.jar
2023-05-05 17:14:05,450 [Worker-1: Launching mavenrun-2b71bc0c-08e1-44fb-95c4-6484a421c1b8] INFO  o.eclipse.m2e.core.internal.Bundles - getClasspathEntries(Bundle=com.google.guava_30.1.0.v20221112-0806 [22])
2023-05-05 17:14:05,453 [Worker-1: Launching mavenrun-2b71bc0c-08e1-44fb-95c4-6484a421c1b8] INFO  o.eclipse.m2e.core.internal.Bundles - 	Entry: C:\Users\admin\Downloads\sts-4.17.2.RELEASE\plugins\com.google.guava_30.1.0.v20221112-0806.jar
2023-05-05 17:14:05,453 [Worker-1: Launching mavenrun-2b71bc0c-08e1-44fb-95c4-6484a421c1b8] INFO  o.eclipse.m2e.core.internal.Bundles - getClasspathEntries(Bundle=slf4j.api_1.7.36 [584])
2023-05-05 17:14:05,454 [Worker-1: Launching mavenrun-2b71bc0c-08e1-44fb-95c4-6484a421c1b8] INFO  o.eclipse.m2e.core.internal.Bundles - 	Entry: C:\Users\admin\Downloads\sts-4.17.2.RELEASE\plugins\slf4j.api_1.7.36.jar
2023-05-05 17:14:05,454 [Worker-1: Launching mavenrun-2b71bc0c-08e1-44fb-95c4-6484a421c1b8] INFO  o.eclipse.m2e.core.internal.Bundles - getClasspathEntries(Bundle=javax.inject_1.0.0.v20220405-0441 [49])
2023-05-05 17:14:05,455 [Worker-1: Launching mavenrun-2b71bc0c-08e1-44fb-95c4-6484a421c1b8] INFO  o.eclipse.m2e.core.internal.Bundles - 	Entry: C:\Users\admin\Downloads\sts-4.17.2.RELEASE\plugins\javax.inject_1.0.0.v20220405-0441.jar
2023-05-05 17:14:05,455 [Worker-1: Launching mavenrun-2b71bc0c-08e1-44fb-95c4-6484a421c1b8] INFO  o.eclipse.m2e.core.internal.Bundles - getClasspathEntries(Bundle=javax.annotation_1.3.5.v20221112-0806 [47])
2023-05-05 17:14:05,456 [Worker-1: Launching mavenrun-2b71bc0c-08e1-44fb-95c4-6484a421c1b8] INFO  o.eclipse.m2e.core.internal.Bundles - 	Entry: C:\Users\admin\Downloads\sts-4.17.2.RELEASE\plugins\javax.annotation_1.3.5.v20221112-0806.jar
2023-05-05 17:14:05,464 [Worker-1: Launching mavenrun-2b71bc0c-08e1-44fb-95c4-6484a421c1b8] INFO  o.e.m.i.launch.MavenLaunchDelegate - Run build in "C:\Users\admin\AppData\Local\Temp\m2e-archetypeGenerator6481155450023926079":
2023-05-05 17:14:05,469 [Worker-1: Launching mavenrun-2b71bc0c-08e1-44fb-95c4-6484a421c1b8] INFO  o.e.m.i.launch.MavenLaunchDelegate -  mvn  -DarchetypeGroupId=org.apache.maven.archetypes -DarchetypeArtifactId=maven-archetype-quickstart -DarchetypeVersion=1.4 -DgroupId=com.masai -DartifactId=SB-101-Project -Dversion=0.0.1-SNAPSHOT -Dpackage=com.masai.SB_101_Project -DoutputDirectory=C:\Users\admin\Desktop\SB-101-Project -Dstyle.color=always -U archetype:generate
2023-05-05 17:14:30,614 [Worker-4: Creating maven-archetype-quickstart] INFO  o.e.m.c.i.p.ProjectConfigurationManager - Collecting project info '/pom.xml' C:\Users\admin\Desktop\SB-101-Project\SB-101-Project\pom.xml
2023-05-05 17:14:34,415 [Worker-4: Creating maven-archetype-quickstart] INFO  o.e.m.c.i.l.LifecycleMappingFactory - Using org.eclipse.m2e.jdt.JarLifecycleMapping lifecycle mapping for MavenProject: com.masai:SB-101-Project:0.0.1-SNAPSHOT @ C:\Users\admin\Desktop\SB-101-Project\SB-101-Project\pom.xml.
2023-05-05 17:14:34,944 [Worker-4: Creating maven-archetype-quickstart] INFO  o.e.m.j.i.AbstractJavaProjectConfigurator - Adding source folder /SB-101-Project/src/main/java
2023-05-05 17:14:34,966 [Worker-4: Creating maven-archetype-quickstart] INFO  o.e.m.j.i.AbstractJavaProjectConfigurator - Adding source folder /SB-101-Project/src/test/java
2023-05-05 17:14:35,136 [Worker-4: Creating maven-archetype-quickstart] INFO  o.e.m.c.i.p.ProjectConfigurationManager - Imported and configured 1 project(s) in 4 sec
2023-05-05 17:14:35,973 [Worker-10: Building] INFO  o.e.m.c.i.embedder.EclipseLogger - Using 'UTF-8' encoding to copy filtered resources.
2023-05-05 17:14:35,974 [Worker-10: Building] INFO  o.e.m.c.i.embedder.EclipseLogger - skip non existing resourceDirectory C:\Users\admin\Desktop\SB-101-Project\SB-101-Project\src\main\resources
2023-05-05 17:14:35,977 [Worker-10: Building] INFO  o.e.m.c.i.embedder.EclipseLogger - Using 'UTF-8' encoding to copy filtered resources.
2023-05-05 17:14:35,977 [Worker-10: Building] INFO  o.e.m.c.i.embedder.EclipseLogger - skip non existing resourceDirectory C:\Users\admin\Desktop\SB-101-Project\SB-101-Project\src\test\resources
2023-05-05 17:14:48,710 [Worker-9: Building] WARN  o.e.m.c.i.embedder.EclipseLogger - The artifact mysql:mysql-connector-java:jar:8.0.32 has been relocated to com.mysql:mysql-connector-j:jar:8.0.32: MySQL Connector/J artifacts moved to reverse-DNS compliant Maven 2+ coordinates.
2023-05-05 17:14:48,712 [Worker-9: Building] WARN  o.e.m.c.i.embedder.EclipseLogger - The artifact org.hibernate:hibernate-core:jar:6.1.7.Final has been relocated to org.hibernate.orm:hibernate-core:jar:6.1.7.Final
2023-05-05 17:14:49,215 [Worker-9: Building] INFO  o.e.m.c.i.l.LifecycleMappingFactory - Using org.eclipse.m2e.jdt.JarLifecycleMapping lifecycle mapping for MavenProject: com.masai:D25_Demo_project:0.0.1-SNAPSHOT @ C:\Users\admin\Desktop\SB-101-Project\SB-101-Project\pom.xml.
2023-05-05 17:14:49,218 [Worker-9: Building] WARN  o.e.m.c.i.embedder.EclipseLogger - The artifact mysql:mysql-connector-java:jar:8.0.32 has been relocated to com.mysql:mysql-connector-j:jar:8.0.32: MySQL Connector/J artifacts moved to reverse-DNS compliant Maven 2+ coordinates.
2023-05-05 17:14:49,219 [Worker-9: Building] WARN  o.e.m.c.i.embedder.EclipseLogger - The artifact org.hibernate:hibernate-core:jar:6.1.7.Final has been relocated to org.hibernate.orm:hibernate-core:jar:6.1.7.Final
2023-05-05 17:14:49,339 [Worker-9: Building] INFO  o.e.m.c.i.embedder.EclipseLogger - Using 'UTF-8' encoding to copy filtered resources.
2023-05-05 17:14:49,339 [Worker-9: Building] INFO  o.e.m.c.i.embedder.EclipseLogger - skip non existing resourceDirectory C:\Users\admin\Desktop\SB-101-Project\SB-101-Project\src\main\resources
2023-05-05 17:14:49,342 [Worker-9: Building] INFO  o.e.m.c.i.embedder.EclipseLogger - Using 'UTF-8' encoding to copy filtered resources.
2023-05-05 17:14:49,343 [Worker-9: Building] INFO  o.e.m.c.i.embedder.EclipseLogger - skip non existing resourceDirectory C:\Users\admin\Desktop\SB-101-Project\SB-101-Project\src\test\resources
2023-05-05 17:14:50,726 [Worker-10: Building] INFO  o.e.m.c.i.embedder.EclipseLogger - Using 'UTF-8' encoding to copy filtered resources.
2023-05-05 17:14:50,726 [Worker-10: Building] INFO  o.e.m.c.i.embedder.EclipseLogger - skip non existing resourceDirectory C:\Users\admin\Desktop\SB-101-Project\SB-101-Project\src\main\resources
2023-05-05 17:14:50,729 [Worker-10: Building] INFO  o.e.m.c.i.embedder.EclipseLogger - Using 'UTF-8' encoding to copy filtered resources.
2023-05-05 17:14:50,730 [Worker-10: Building] INFO  o.e.m.c.i.embedder.EclipseLogger - skip non existing resourceDirectory C:\Users\admin\Desktop\SB-101-Project\SB-101-Project\src\test\resources
2023-05-05 17:14:55,218 [Worker-1: Building] INFO  o.e.m.c.i.embedder.EclipseLogger - Using 'UTF-8' encoding to copy filtered resources.
2023-05-05 17:14:55,220 [Worker-1: Building] INFO  o.e.m.c.i.embedder.EclipseLogger - Copying 1 resource
2023-05-05 17:14:55,231 [Worker-1: Building] INFO  o.e.m.c.i.embedder.EclipseLogger - Using 'UTF-8' encoding to copy filtered resources.
2023-05-05 17:14:55,231 [Worker-1: Building] INFO  o.e.m.c.i.embedder.EclipseLogger - skip non existing resourceDirectory C:\Users\admin\Desktop\SB-101-Project\SB-101-Project\src\test\resources
2023-05-05 17:15:14,449 [Worker-8: Building] INFO  o.e.m.c.i.embedder.EclipseLogger - Using 'UTF-8' encoding to copy filtered resources.
2023-05-05 17:15:14,450 [Worker-8: Building] INFO  o.e.m.c.i.embedder.EclipseLogger - Copying 0 resource
2023-05-05 17:15:14,455 [Worker-8: Building] INFO  o.e.m.c.i.embedder.EclipseLogger - Using 'UTF-8' encoding to copy filtered resources.
2023-05-05 17:15:14,455 [Worker-8: Building] INFO  o.e.m.c.i.embedder.EclipseLogger - skip non existing resourceDirectory C:\Users\admin\Desktop\SB-101-Project\SB-101-Project\src\test\resources
2023-05-05 17:15:37,198 [Worker-8: Building] INFO  o.e.m.c.i.embedder.EclipseLogger - Using 'UTF-8' encoding to copy filtered resources.
2023-05-05 17:15:37,201 [Worker-8: Building] INFO  o.e.m.c.i.embedder.EclipseLogger - Copying 1 resource
2023-05-05 17:15:37,204 [Worker-8: Building] INFO  o.e.m.c.i.embedder.EclipseLogger - Using 'UTF-8' encoding to copy filtered resources.
2023-05-05 17:15:37,205 [Worker-8: Building] INFO  o.e.m.c.i.embedder.EclipseLogger - skip non existing resourceDirectory C:\Users\admin\Desktop\SB-101-Project\SB-101-Project\src\test\resources
2023-05-05 17:15:45,769 [Worker-4: Building] INFO  o.e.m.c.i.embedder.EclipseLogger - Using 'UTF-8' encoding to copy filtered resources.
2023-05-05 17:15:45,771 [Worker-4: Building] INFO  o.e.m.c.i.embedder.EclipseLogger - Copying 1 resource
2023-05-05 17:15:45,776 [Worker-4: Building] INFO  o.e.m.c.i.embedder.EclipseLogger - Using 'UTF-8' encoding to copy filtered resources.
2023-05-05 17:15:45,776 [Worker-4: Building] INFO  o.e.m.c.i.embedder.EclipseLogger - skip non existing resourceDirectory C:\Users\admin\Desktop\SB-101-Project\SB-101-Project\src\test\resources
2023-05-05 17:15:59,593 [Worker-8: Building] INFO  o.e.m.c.i.embedder.EclipseLogger - Using 'UTF-8' encoding to copy filtered resources.
2023-05-05 17:15:59,595 [Worker-8: Building] INFO  o.e.m.c.i.embedder.EclipseLogger - Copying 1 resource
2023-05-05 17:15:59,597 [Worker-8: Building] INFO  o.e.m.c.i.embedder.EclipseLogger - Using 'UTF-8' encoding to copy filtered resources.
2023-05-05 17:15:59,597 [Worker-8: Building] INFO  o.e.m.c.i.embedder.EclipseLogger - skip non existing resourceDirectory C:\Users\admin\Desktop\SB-101-Project\SB-101-Project\src\test\resources
2023-05-05 17:16:08,899 [Worker-9: Building] INFO  o.e.m.c.i.embedder.EclipseLogger - Using 'UTF-8' encoding to copy filtered resources.
2023-05-05 17:16:08,900 [Worker-9: Building] INFO  o.e.m.c.i.embedder.EclipseLogger - Copying 1 resource
2023-05-05 17:16:08,902 [Worker-9: Building] INFO  o.e.m.c.i.embedder.EclipseLogger - Using 'UTF-8' encoding to copy filtered resources.
2023-05-05 17:16:08,903 [Worker-9: Building] INFO  o.e.m.c.i.embedder.EclipseLogger - skip non existing resourceDirectory C:\Users\admin\Desktop\SB-101-Project\SB-101-Project\src\test\resources
2023-05-05 17:16:19,823 [Worker-10: Building] INFO  o.e.m.c.i.embedder.EclipseLogger - Using 'UTF-8' encoding to copy filtered resources.
2023-05-05 17:16:19,825 [Worker-10: Building] INFO  o.e.m.c.i.embedder.EclipseLogger - Copying 1 resource
2023-05-05 17:16:19,829 [Worker-10: Building] INFO  o.e.m.c.i.embedder.EclipseLogger - Using 'UTF-8' encoding to copy filtered resources.
2023-05-05 17:16:19,829 [Worker-10: Building] INFO  o.e.m.c.i.embedder.EclipseLogger - skip non existing resourceDirectory C:\Users\admin\Desktop\SB-101-Project\SB-101-Project\src\test\resources
2023-05-05 17:16:58,552 [Worker-9: Building] INFO  o.e.m.c.i.embedder.EclipseLogger - Using 'UTF-8' encoding to copy filtered resources.
2023-05-05 17:16:58,553 [Worker-9: Building] INFO  o.e.m.c.i.embedder.EclipseLogger - Copying 1 resource
2023-05-05 17:16:58,556 [Worker-9: Building] INFO  o.e.m.c.i.embedder.EclipseLogger - Using 'UTF-8' encoding to copy filtered resources.
2023-05-05 17:16:58,556 [Worker-9: Building] INFO  o.e.m.c.i.embedder.EclipseLogger - skip non existing resourceDirectory C:\Users\admin\Desktop\SB-101-Project\SB-101-Project\src\test\resources
2023-05-05 17:17:02,903 [Worker-6: Building] INFO  o.e.m.c.i.embedder.EclipseLogger - Using 'UTF-8' encoding to copy filtered resources.
2023-05-05 17:17:02,905 [Worker-6: Building] INFO  o.e.m.c.i.embedder.EclipseLogger - Copying 1 resource
2023-05-05 17:17:02,908 [Worker-6: Building] INFO  o.e.m.c.i.embedder.EclipseLogger - Using 'UTF-8' encoding to copy filtered resources.
2023-05-05 17:17:02,908 [Worker-6: Building] INFO  o.e.m.c.i.embedder.EclipseLogger - skip non existing resourceDirectory C:\Users\admin\Desktop\SB-101-Project\SB-101-Project\src\test\resources
2023-05-05 17:17:20,240 [Worker-10: Building] INFO  o.e.m.c.i.embedder.EclipseLogger - Using 'UTF-8' encoding to copy filtered resources.
2023-05-05 17:17:20,241 [Worker-10: Building] INFO  o.e.m.c.i.embedder.EclipseLogger - Copying 1 resource
2023-05-05 17:17:20,244 [Worker-10: Building] INFO  o.e.m.c.i.embedder.EclipseLogger - Using 'UTF-8' encoding to copy filtered resources.
2023-05-05 17:17:20,244 [Worker-10: Building] INFO  o.e.m.c.i.embedder.EclipseLogger - skip non existing resourceDirectory C:\Users\admin\Desktop\SB-101-Project\SB-101-Project\src\test\resources
2023-05-05 17:25:43,524 [Worker-4: Building] INFO  o.e.m.c.i.embedder.EclipseLogger - Using 'UTF-8' encoding to copy filtered resources.
2023-05-05 17:25:43,544 [Worker-4: Building] INFO  o.e.m.c.i.embedder.EclipseLogger - Copying 1 resource
2023-05-05 17:25:43,552 [Worker-4: Building] INFO  o.e.m.c.i.embedder.EclipseLogger - Using 'UTF-8' encoding to copy filtered resources.
2023-05-05 17:25:43,553 [Worker-4: Building] INFO  o.e.m.c.i.embedder.EclipseLogger - skip non existing resourceDirectory C:\Users\admin\Desktop\SB-101-Project\SB-101-Project\src\test\resources
2023-05-05 17:26:00,901 [Worker-11: Building] INFO  o.e.m.c.i.embedder.EclipseLogger - Using 'UTF-8' encoding to copy filtered resources.
2023-05-05 17:26:00,902 [Worker-11: Building] INFO  o.e.m.c.i.embedder.EclipseLogger - Copying 1 resource
2023-05-05 17:26:00,911 [Worker-11: Building] INFO  o.e.m.c.i.embedder.EclipseLogger - Using 'UTF-8' encoding to copy filtered resources.
2023-05-05 17:26:00,911 [Worker-11: Building] INFO  o.e.m.c.i.embedder.EclipseLogger - skip non existing resourceDirectory C:\Users\admin\Desktop\SB-101-Project\SB-101-Project\src\test\resources
2023-05-05 17:29:53,261 [Worker-11: Building] INFO  o.e.m.c.i.embedder.EclipseLogger - Using 'UTF-8' encoding to copy filtered resources.
2023-05-05 17:29:53,263 [Worker-11: Building] INFO  o.e.m.c.i.embedder.EclipseLogger - Copying 1 resource
2023-05-05 17:29:53,265 [Worker-11: Building] INFO  o.e.m.c.i.embedder.EclipseLogger - Using 'UTF-8' encoding to copy filtered resources.
2023-05-05 17:29:53,265 [Worker-11: Building] INFO  o.e.m.c.i.embedder.EclipseLogger - skip non existing resourceDirectory C:\Users\admin\Desktop\SB-101-Project\SB-101-Project\src\test\resources
2023-05-05 17:29:59,359 [Worker-12: Building] INFO  o.e.m.c.i.embedder.EclipseLogger - Using 'UTF-8' encoding to copy filtered resources.
2023-05-05 17:29:59,361 [Worker-12: Building] INFO  o.e.m.c.i.embedder.EclipseLogger - Copying 1 resource
2023-05-05 17:29:59,363 [Worker-12: Building] INFO  o.e.m.c.i.embedder.EclipseLogger - Using 'UTF-8' encoding to copy filtered resources.
2023-05-05 17:29:59,364 [Worker-12: Building] INFO  o.e.m.c.i.embedder.EclipseLogger - skip non existing resourceDirectory C:\Users\admin\Desktop\SB-101-Project\SB-101-Project\src\test\resources
2023-05-05 17:30:16,842 [Worker-11: Building] INFO  o.e.m.c.i.embedder.EclipseLogger - Using 'UTF-8' encoding to copy filtered resources.
2023-05-05 17:30:16,844 [Worker-11: Building] INFO  o.e.m.c.i.embedder.EclipseLogger - Copying 1 resource
2023-05-05 17:30:16,847 [Worker-11: Building] INFO  o.e.m.c.i.embedder.EclipseLogger - Using 'UTF-8' encoding to copy filtered resources.
2023-05-05 17:30:16,847 [Worker-11: Building] INFO  o.e.m.c.i.embedder.EclipseLogger - skip non existing resourceDirectory C:\Users\admin\Desktop\SB-101-Project\SB-101-Project\src\test\resources
2023-05-05 17:31:29,741 [Worker-12: Building] INFO  o.e.m.c.i.embedder.EclipseLogger - Using 'UTF-8' encoding to copy filtered resources.
2023-05-05 17:31:29,742 [Worker-12: Building] INFO  o.e.m.c.i.embedder.EclipseLogger - Copying 1 resource
2023-05-05 17:31:29,745 [Worker-12: Building] INFO  o.e.m.c.i.embedder.EclipseLogger - Using 'UTF-8' encoding to copy filtered resources.
2023-05-05 17:31:29,745 [Worker-12: Building] INFO  o.e.m.c.i.embedder.EclipseLogger - skip non existing resourceDirectory C:\Users\admin\Desktop\SB-101-Project\SB-101-Project\src\test\resources
2023-05-05 17:31:34,535 [Worker-4: Building] INFO  o.e.m.c.i.embedder.EclipseLogger - Using 'UTF-8' encoding to copy filtered resources.
2023-05-05 17:31:34,536 [Worker-4: Building] INFO  o.e.m.c.i.embedder.EclipseLogger - Copying 1 resource
2023-05-05 17:31:34,538 [Worker-4: Building] INFO  o.e.m.c.i.embedder.EclipseLogger - Using 'UTF-8' encoding to copy filtered resources.
2023-05-05 17:31:34,538 [Worker-4: Building] INFO  o.e.m.c.i.embedder.EclipseLogger - skip non existing resourceDirectory C:\Users\admin\Desktop\SB-101-Project\SB-101-Project\src\test\resources
2023-05-05 17:32:44,837 [Worker-13: Building] INFO  o.e.m.c.i.embedder.EclipseLogger - Using 'UTF-8' encoding to copy filtered resources.
2023-05-05 17:32:44,839 [Worker-13: Building] INFO  o.e.m.c.i.embedder.EclipseLogger - Copying 1 resource
2023-05-05 17:32:44,842 [Worker-13: Building] INFO  o.e.m.c.i.embedder.EclipseLogger - Using 'UTF-8' encoding to copy filtered resources.
2023-05-05 17:32:44,842 [Worker-13: Building] INFO  o.e.m.c.i.embedder.EclipseLogger - skip non existing resourceDirectory C:\Users\admin\Desktop\SB-101-Project\SB-101-Project\src\test\resources
2023-05-05 17:33:03,165 [Worker-15: Building] INFO  o.e.m.c.i.embedder.EclipseLogger - Using 'UTF-8' encoding to copy filtered resources.
2023-05-05 17:33:03,166 [Worker-15: Building] INFO  o.e.m.c.i.embedder.EclipseLogger - Copying 1 resource
2023-05-05 17:33:03,169 [Worker-15: Building] INFO  o.e.m.c.i.embedder.EclipseLogger - Using 'UTF-8' encoding to copy filtered resources.
2023-05-05 17:33:03,169 [Worker-15: Building] INFO  o.e.m.c.i.embedder.EclipseLogger - skip non existing resourceDirectory C:\Users\admin\Desktop\SB-101-Project\SB-101-Project\src\test\resources
